2025-07-22 19:20:20,776 - app.database - INFO - Conexion a la DB establecida con exito
2025-07-22 19:20:20,968 - app.database - INFO - Credenciales correctas zuriel
2025-07-22 19:20:20,976 - app.database - INFO - Conexion a la DB establecida con exito
2025-07-22 19:20:26,556 - app.database - INFO - Conexion a la DB establecida con exito
2025-07-22 19:20:35,192 - app.database - INFO - Conexion a la DB establecida con exito
2025-07-22 19:20:56,656 - app.database - INFO - Conexion a la DB establecida con exito
2025-07-22 19:20:56,667 - app.database - INFO - Cliente "cinthia chan" ah sido agregado con exito, id: 2
2025-07-22 19:20:56,676 - app.database - INFO - Conexion a la DB establecida con exito
2025-07-22 19:20:56,683 - app.database - INFO - Conexion a la DB establecida con exito
2025-07-22 19:20:56,689 - app.database - INFO - 
Cliente ID 2 listado con exito
2025-07-22 19:20:56,697 - app.database - INFO - Conexion a la DB establecida con exito
2025-07-22 19:21:27,986 - app.database - INFO - Conexion a la DB establecida con exito
2025-07-22 19:26:05,470 - app.database - INFO - Conexion a la DB establecida con exito
2025-07-22 19:26:05,472 - app.database - INFO - INTENTANDO CREAR TABLA 'USUARIOS'...
2025-07-22 19:26:05,472 - app.database - INFO - INTENTANDO CREAR TABLA 'CLIENTES'...
2025-07-22 19:26:05,472 - app.database - INFO - INTENTANDO CREAR TABLA 'MOVIMIENTOS'...
2025-07-22 19:26:05,472 - app.database - INFO - TABLAS CREADAS EXITOSAMENTE O YA EXISTENTE...
2025-07-22 19:26:05,472 - app.database - INFO - /// CONEXION A LA BASE DE DATOS CERRADA ///
2025-07-22 19:26:11,402 - app.database - INFO - Conexion a la DB establecida con exito
2025-07-22 19:26:11,592 - app.database - INFO - Credenciales correctas zuriel
2025-07-22 19:26:11,600 - app.database - INFO - Conexion a la DB establecida con exito
2025-07-22 19:26:19,454 - app.database - INFO - Conexion a la DB establecida con exito
2025-07-22 19:26:29,027 - app.database - INFO - Conexion a la DB establecida con exito
2025-07-22 19:26:29,034 - app.database - INFO - Conexion a la DB establecida con exito
2025-07-22 19:26:29,041 - app.database - INFO - 
Cliente ID 2 listado con exito
2025-07-22 19:26:43,496 - app.database - INFO - Conexion a la DB establecida con exito
2025-07-22 19:26:43,507 - app.database - INFO - Saldo del cliente ID 2 actualizado a 485.00
2025-07-22 19:26:43,515 - app.database - INFO - Conexion a la DB establecida con exito
2025-07-22 19:26:43,523 - app.database - INFO - Conexion a la DB establecida con exito
2025-07-22 19:26:43,529 - app.database - INFO - 
Cliente ID 2 listado con exito
2025-07-22 19:26:43,536 - app.database - INFO - Conexion a la DB establecida con exito
2025-07-22 19:30:25,263 - app.database - INFO - Conexion a la DB establecida con exito
2025-07-22 19:30:25,265 - app.database - INFO - INTENTANDO CREAR TABLA 'USUARIOS'...
2025-07-22 19:30:25,265 - app.database - INFO - INTENTANDO CREAR TABLA 'CLIENTES'...
2025-07-22 19:30:25,265 - app.database - INFO - INTENTANDO CREAR TABLA 'MOVIMIENTOS'...
2025-07-22 19:30:25,265 - app.database - INFO - TABLAS CREADAS EXITOSAMENTE O YA EXISTENTE...
2025-07-22 19:30:25,265 - app.database - INFO - /// CONEXION A LA BASE DE DATOS CERRADA ///
2025-07-22 19:30:38,593 - app.database - INFO - Conexion a la DB establecida con exito
2025-07-22 19:30:38,598 - app.database - WARNING - Usuario 'zuri' no encontrado
2025-07-22 19:31:46,443 - app.database - INFO - Conexion a la DB establecida con exito
2025-07-22 19:31:46,445 - app.database - INFO - INTENTANDO CREAR TABLA 'USUARIOS'...
2025-07-22 19:31:46,445 - app.database - INFO - INTENTANDO CREAR TABLA 'CLIENTES'...
2025-07-22 19:31:46,445 - app.database - INFO - INTENTANDO CREAR TABLA 'MOVIMIENTOS'...
2025-07-22 19:31:46,445 - app.database - INFO - TABLAS CREADAS EXITOSAMENTE O YA EXISTENTE...
2025-07-22 19:31:46,445 - app.database - INFO - /// CONEXION A LA BASE DE DATOS CERRADA ///
2025-07-22 19:31:53,652 - app.database - INFO - Conexion a la DB establecida con exito
2025-07-22 19:31:53,845 - app.database - INFO - Credenciales correctas zuriel
2025-07-22 19:31:53,852 - app.database - INFO - Conexion a la DB establecida con exito
2025-07-22 19:32:03,864 - app.database - INFO - Conexion a la DB establecida con exito
2025-07-22 19:32:03,876 - app.database - INFO - Conexion a la DB establecida con exito
2025-07-22 19:32:03,887 - app.database - INFO - Conexion a la DB establecida con exito
2025-07-22 19:32:15,252 - app.database - INFO - Conexion a la DB establecida con exito
2025-07-22 19:32:56,972 - app.database - INFO - Conexion a la DB establecida con exito
2025-07-22 19:32:56,980 - app.database - INFO - Conexion a la DB establecida con exito
2025-07-22 19:32:56,986 - app.database - INFO - 
Cliente ID 2 listado con exito
2025-07-22 19:35:40,908 - app.database - INFO - Conexion a la DB establecida con exito
2025-07-22 19:35:40,916 - app.database - INFO - Cliente con id 2
2025-07-22 19:35:40,924 - app.database - INFO - Conexion a la DB establecida con exito
2025-07-22 19:35:40,932 - app.database - INFO - Conexion a la DB establecida con exito
2025-07-22 19:35:40,938 - app.database - INFO - 
Cliente ID 2 listado con exito
2025-07-22 19:35:40,946 - app.database - INFO - Conexion a la DB establecida con exito
2025-07-22 19:35:55,700 - app.database - INFO - Conexion a la DB establecida con exito
2025-07-22 19:35:55,712 - app.database - INFO - Conexion a la DB establecida con exito
2025-07-22 19:36:13,273 - app.database - INFO - Conexion a la DB establecida con exito
2025-07-22 19:36:15,747 - app.database - INFO - Conexion a la DB establecida con exito
2025-07-22 19:36:15,755 - app.database - INFO - Conexion a la DB establecida con exito
2025-07-22 19:36:15,761 - app.database - INFO - 
Cliente ID 2 listado con exito
2025-07-22 19:36:15,769 - app.database - INFO - Conexion a la DB establecida con exito
2025-07-22 19:36:15,775 - app.database - INFO - /// CONEXION A LA BASE DE DATOS CERRADA ///
2025-07-22 19:36:15,782 - app.database - INFO - Conexion a la DB establecida con exito
2025-07-22 19:36:34,467 - app.database - INFO - Conexion a la DB establecida con exito
2025-07-22 19:36:36,056 - app.database - INFO - Conexion a la DB establecida con exito
2025-07-22 19:36:36,064 - app.database - INFO - Conexion a la DB establecida con exito
2025-07-22 19:36:36,070 - app.database - INFO - 
Cliente ID 2 listado con exito
2025-07-22 19:41:52,012 - app.database - INFO - Conexion a la DB establecida con exito
2025-07-22 19:41:52,014 - app.database - INFO - INTENTANDO CREAR TABLA 'USUARIOS'...
2025-07-22 19:41:52,014 - app.database - INFO - INTENTANDO CREAR TABLA 'CLIENTES'...
2025-07-22 19:41:52,014 - app.database - INFO - INTENTANDO CREAR TABLA 'MOVIMIENTOS'...
2025-07-22 19:41:52,014 - app.database - INFO - TABLAS CREADAS EXITOSAMENTE O YA EXISTENTE...
2025-07-22 19:41:52,014 - app.database - INFO - /// CONEXION A LA BASE DE DATOS CERRADA ///
2025-07-22 19:41:58,921 - app.database - INFO - Conexion a la DB establecida con exito
2025-07-22 19:41:59,114 - app.database - INFO - Credenciales correctas zuriel
2025-07-22 19:41:59,122 - app.database - INFO - Conexion a la DB establecida con exito
2025-07-22 19:42:02,828 - app.database - INFO - Conexion a la DB establecida con exito
2025-07-22 19:42:06,523 - app.database - INFO - Conexion a la DB establecida con exito
2025-07-22 19:42:08,794 - app.database - INFO - Conexion a la DB establecida con exito
2025-07-22 19:42:08,802 - app.database - INFO - Conexion a la DB establecida con exito
2025-07-22 19:42:08,808 - app.database - INFO - 
Cliente ID 2 listado con exito
2025-07-22 19:42:08,816 - app.database - INFO - Conexion a la DB establecida con exito
2025-07-22 19:42:08,822 - app.database - INFO - /// CONEXION A LA BASE DE DATOS CERRADA ///
2025-07-22 19:42:25,873 - app.database - INFO - Conexion a la DB establecida con exito
2025-07-22 19:42:25,880 - app.database - INFO - Saldo del cliente ID 2 actualizado a 365.00
2025-07-22 19:42:25,887 - app.database - INFO - Conexion a la DB establecida con exito
2025-07-22 19:42:25,894 - app.database - INFO - Conexion a la DB establecida con exito
2025-07-22 19:42:25,900 - app.database - INFO - 
Cliente ID 2 listado con exito
2025-07-22 19:42:25,907 - app.database - INFO - Conexion a la DB establecida con exito
2025-07-22 19:42:43,356 - app.database - INFO - Conexion a la DB establecida con exito
2025-07-22 19:42:45,094 - app.database - INFO - Conexion a la DB establecida con exito
2025-07-22 19:42:45,102 - app.database - INFO - Conexion a la DB establecida con exito
2025-07-22 19:42:45,109 - app.database - INFO - 
Cliente ID 2 listado con exito
2025-07-22 19:42:45,117 - app.database - INFO - Conexion a la DB establecida con exito
2025-07-22 19:42:45,123 - app.database - INFO - /// CONEXION A LA BASE DE DATOS CERRADA ///
2025-07-22 19:42:51,145 - app.database - INFO - Conexion a la DB establecida con exito
2025-07-22 19:42:51,155 - app.database - INFO - Saldo del cliente ID 2 actualizado a 595.00
2025-07-22 19:42:51,164 - app.database - INFO - Conexion a la DB establecida con exito
2025-07-22 19:42:51,171 - app.database - INFO - Conexion a la DB establecida con exito
2025-07-22 19:42:51,177 - app.database - INFO - 
Cliente ID 2 listado con exito
2025-07-22 19:42:51,185 - app.database - INFO - Conexion a la DB establecida con exito
2025-07-22 19:42:53,701 - app.database - INFO - Conexion a la DB establecida con exito
2025-07-22 19:42:54,465 - app.database - INFO - Conexion a la DB establecida con exito
2025-07-22 19:42:54,473 - app.database - INFO - Conexion a la DB establecida con exito
2025-07-22 19:42:54,479 - app.database - INFO - 
Cliente ID 2 listado con exito
2025-07-22 19:42:54,486 - app.database - INFO - Conexion a la DB establecida con exito
2025-07-22 19:42:54,492 - app.database - INFO - /// CONEXION A LA BASE DE DATOS CERRADA ///
2025-07-22 19:43:07,623 - app.database - INFO - Conexion a la DB establecida con exito
2025-07-22 19:43:07,634 - app.database - INFO - Saldo del cliente ID 2 actualizado a 345.00
2025-07-22 19:43:07,642 - app.database - INFO - Conexion a la DB establecida con exito
2025-07-22 19:43:07,650 - app.database - INFO - Conexion a la DB establecida con exito
2025-07-22 19:43:07,656 - app.database - INFO - 
Cliente ID 2 listado con exito
2025-07-22 19:43:07,664 - app.database - INFO - Conexion a la DB establecida con exito
2025-07-22 19:43:15,494 - app.database - INFO - Conexion a la DB establecida con exito
2025-07-22 19:43:16,200 - app.database - INFO - Conexion a la DB establecida con exito
2025-07-22 19:43:16,208 - app.database - INFO - Conexion a la DB establecida con exito
2025-07-22 19:43:16,214 - app.database - INFO - 
Cliente ID 2 listado con exito
2025-07-22 19:43:16,222 - app.database - INFO - Conexion a la DB establecida con exito
2025-07-22 19:43:16,228 - app.database - INFO - /// CONEXION A LA BASE DE DATOS CERRADA ///
2025-07-22 19:43:25,428 - app.database - INFO - Conexion a la DB establecida con exito
2025-07-22 19:43:25,438 - app.database - INFO - Saldo del cliente ID 2 actualizado a 395.00
2025-07-22 19:43:25,446 - app.database - INFO - Conexion a la DB establecida con exito
2025-07-22 19:43:25,453 - app.database - INFO - Conexion a la DB establecida con exito
2025-07-22 19:43:25,459 - app.database - INFO - 
Cliente ID 2 listado con exito
2025-07-22 19:43:25,468 - app.database - INFO - Conexion a la DB establecida con exito
2025-07-22 19:43:30,264 - app.database - INFO - Conexion a la DB establecida con exito
2025-07-22 19:43:32,632 - app.database - INFO - Conexion a la DB establecida con exito
2025-07-22 19:43:32,640 - app.database - INFO - Conexion a la DB establecida con exito
2025-07-22 19:43:32,646 - app.database - INFO - 
Cliente ID 2 listado con exito
2025-07-22 19:43:32,653 - app.database - INFO - Conexion a la DB establecida con exito
2025-07-22 19:43:32,659 - app.database - INFO - /// CONEXION A LA BASE DE DATOS CERRADA ///
2025-07-22 19:43:32,667 - app.database - INFO - Conexion a la DB establecida con exito
2025-07-22 19:44:02,831 - app.database - INFO - Conexion a la DB establecida con exito
2025-07-22 19:44:02,843 - app.database - INFO - Conexion a la DB establecida con exito
2025-07-22 19:44:02,853 - app.database - INFO - Conexion a la DB establecida con exito
2025-07-22 19:45:31,114 - app.database - INFO - Conexion a la DB establecida con exito
2025-07-22 19:45:31,126 - app.database - INFO - Conexion a la DB establecida con exito
2025-07-22 19:45:38,145 - app.database - INFO - Conexion a la DB establecida con exito
2025-07-22 19:45:38,146 - app.database - INFO - INTENTANDO CREAR TABLA 'USUARIOS'...
2025-07-22 19:45:38,147 - app.database - INFO - INTENTANDO CREAR TABLA 'CLIENTES'...
2025-07-22 19:45:38,147 - app.database - INFO - INTENTANDO CREAR TABLA 'MOVIMIENTOS'...
2025-07-22 19:45:38,147 - app.database - INFO - TABLAS CREADAS EXITOSAMENTE O YA EXISTENTE...
2025-07-22 19:45:38,147 - app.database - INFO - /// CONEXION A LA BASE DE DATOS CERRADA ///
2025-07-22 19:45:43,672 - app.database - INFO - Conexion a la DB establecida con exito
2025-07-22 19:45:43,863 - app.database - INFO - Credenciales correctas zuriel
2025-07-22 19:45:43,871 - app.database - INFO - Conexion a la DB establecida con exito
2025-07-22 19:45:47,833 - app.database - INFO - Conexion a la DB establecida con exito
2025-07-22 19:45:47,844 - app.database - INFO - Conexion a la DB establecida con exito
2025-07-22 19:46:00,727 - app.database - INFO - Conexion a la DB establecida con exito
2025-07-22 19:46:00,739 - app.database - INFO - Conexion a la DB establecida con exito
2025-07-22 19:46:00,751 - app.database - INFO - Conexion a la DB establecida con exito
