INFO: Creando backup de la base de datos 'db_clients'...
ÉXITO: Backup creado y guardado en /home/zuko/nasdata/client_mg/backup/backup-0805-1200.sql.gz
INFO: Realizando limpieza de backups antiguos...
INFO: Limpieza completada. Se conservan los 10 backups más recientes.
--- Proceso de backup finalizado ---
INFO: Creando backup de la base de datos 'db_clients'...
ÉXITO: Backup creado y guardado en /home/zuko/nasdata/client_mg/backup/backup-0805-2200.sql.gz
INFO: Realizando limpieza de backups antiguos...
INFO: Limpieza completada. Se conservan los 10 backups más recientes.
--- Proceso de backup finalizado ---
INFO: Creando backup de la base de datos 'db_clients'...
ÉXITO: Backup creado y guardado en /home/zuko/nasdata/client_mg/backup/backup-0806-1200.sql.gz
INFO: Realizando limpieza de backups antiguos...
INFO: Limpieza completada. Se conservan los 10 backups más recientes.
--- Proceso de backup finalizado ---
INFO: Creando backup de la base de datos 'db_clients'...
ÉXITO: Backup creado y guardado en /home/zuko/nasdata/client_mg/backup/backup-0806-2200.sql.gz
INFO: Realizando limpieza de backups antiguos...
INFO: Limpieza completada. Se conservan los 10 backups más recientes.
--- Proceso de backup finalizado ---
INFO: Creando backup de la base de datos 'db_clients'...
ÉXITO: Backup creado y guardado en /home/zuko/nasdata/client_mg/backup/backup-0807-1200.sql.gz
INFO: Realizando limpieza de backups antiguos...
INFO: Limpieza completada. Se conservan los 10 backups más recientes.
--- Proceso de backup finalizado ---
INFO: Creando backup de la base de datos 'db_clients'...
ÉXITO: Backup creado y guardado en /home/zuko/nasdata/client_mg/backup/backup-0807-2200.sql.gz
INFO: Realizando limpieza de backups antiguos...
INFO: Limpieza completada. Se conservan los 10 backups más recientes.
--- Proceso de backup finalizado ---
INFO: Creando backup de la base de datos 'db_clients'...
ÉXITO: Backup creado y guardado en /home/zuko/nasdata/client_mg/backup/backup-0808-1600.sql.gz
INFO: Realizando limpieza de backups antiguos...
INFO: Limpieza completada. Se conservan los 10 backups más recientes.
--- Proceso de backup finalizado ---
INFO: Creando backup de la base de datos 'db_clients'...
ÉXITO: Backup creado y guardado en /home/zuko/nasdata/client_mg/backup/backup-0809-0000.sql.gz
INFO: Realizando limpieza de backups antiguos...
INFO: Limpieza completada. Se conservan los 10 backups más recientes.
--- Proceso de backup finalizado ---
INFO: Creando backup de la base de datos 'db_clients'...
ÉXITO: Backup creado y guardado en /home/zuko/nasdata/client_mg/backup/backup-0809-0800.sql.gz
INFO: Realizando limpieza de backups antiguos...
INFO: Limpieza completada. Se conservan los 10 backups más recientes.
--- Proceso de backup finalizado ---
INFO: Creando backup de la base de datos 'db_clients'...
ÉXITO: Backup creado y guardado en /home/zuko/nasdata/client_mg/backup/backup-0809-1600.sql.gz
INFO: Realizando limpieza de backups antiguos...
INFO: Limpieza completada. Se conservan los 10 backups más recientes.
--- Proceso de backup finalizado ---
INFO: Creando backup de la base de datos 'db_clients'...
ÉXITO: Backup creado y guardado en /home/zuko/nasdata/client_mg/backup/backup-0810-0000.sql.gz
INFO: Realizando limpieza de backups antiguos...
INFO: Limpieza completada. Se conservan los 10 backups más recientes.
--- Proceso de backup finalizado ---
INFO: Creando backup de la base de datos 'db_clients'...
ÉXITO: Backup creado y guardado en /home/zuko/nasdata/client_mg/backup/backup-0810-0800.sql.gz
INFO: Realizando limpieza de backups antiguos...
INFO: Limpieza completada. Se conservan los 10 backups más recientes.
--- Proceso de backup finalizado ---
INFO: Creando backup de la base de datos 'db_clients'...
ÉXITO: Backup creado y guardado en /home/zuko/nasdata/client_mg/backup/backup-0810-1600.sql.gz
INFO: Realizando limpieza de backups antiguos...
INFO: Limpieza completada. Se conservan los 10 backups más recientes.
--- Proceso de backup finalizado ---
INFO: Creando backup de la base de datos 'db_clients'...
ÉXITO: Backup creado y guardado en /home/zuko/nasdata/client_mg/backup/backup-0811-0000.sql.gz
INFO: Realizando limpieza de backups antiguos...
INFO: Limpieza completada. Se conservan los 10 backups más recientes.
--- Proceso de backup finalizado ---
INFO: Creando backup de la base de datos 'db_clients'...
ÉXITO: Backup creado y guardado en /home/zuko/nasdata/client_mg/backup/backup-0811-0800.sql.gz
INFO: Realizando limpieza de backups antiguos...
INFO: Limpieza completada. Se conservan los 10 backups más recientes.
--- Proceso de backup finalizado ---
INFO: Creando backup de la base de datos 'db_clients'...
ÉXITO: Backup creado y guardado en /home/zuko/nasdata/client_mg/backup/backup-0811-1600.sql.gz
INFO: Realizando limpieza de backups antiguos...
INFO: Limpieza completada. Se conservan los 10 backups más recientes.
--- Proceso de backup finalizado ---
INFO: Creando backup de la base de datos 'db_clients'...
ÉXITO: Backup creado y guardado en /home/zuko/nasdata/client_mg/backup/backup-0812-0000.sql.gz
INFO: Realizando limpieza de backups antiguos...
INFO: Limpieza completada. Se conservan los 10 backups más recientes.
--- Proceso de backup finalizado ---
INFO: Creando backup de la base de datos 'db_clients'...
ÉXITO: Backup creado y guardado en /home/zuko/nasdata/client_mg/backup/backup-0812-0800.sql.gz
INFO: Realizando limpieza de backups antiguos...
INFO: Limpieza completada. Se conservan los 10 backups más recientes.
--- Proceso de backup finalizado ---
INFO: Creando backup de la base de datos 'db_clients'...
ÉXITO: Backup creado y guardado en /home/zuko/nasdata/client_mg/backup/backup-0812-1600.sql.gz
INFO: Realizando limpieza de backups antiguos...
INFO: Limpieza completada. Se conservan los 10 backups más recientes.
--- Proceso de backup finalizado ---
INFO: Creando backup de la base de datos 'db_clients'...
ÉXITO: Backup creado y guardado en /home/zuko/nasdata/client_mg/backup/backup-0813-0000.sql.gz
INFO: Realizando limpieza de backups antiguos...
INFO: Limpieza completada. Se conservan los 10 backups más recientes.
--- Proceso de backup finalizado ---
INFO: Creando backup de la base de datos 'db_clients'...
ÉXITO: Backup creado y guardado en /home/zuko/nasdata/client_mg/backup/backup-0813-0800.sql.gz
INFO: Realizando limpieza de backups antiguos...
INFO: Limpieza completada. Se conservan los 10 backups más recientes.
--- Proceso de backup finalizado ---
INFO: Creando backup de la base de datos 'db_clients'...
ÉXITO: Backup creado y guardado en /home/zuko/nasdata/client_mg/backup/backup-0813-1600.sql.gz
INFO: Realizando limpieza de backups antiguos...
INFO: Limpieza completada. Se conservan los 10 backups más recientes.
--- Proceso de backup finalizado ---
INFO: Creando backup de la base de datos 'db_clients'...
ÉXITO: Backup creado y guardado en /home/zuko/nasdata/client_mg/backup/backup-0814-0000.sql.gz
INFO: Realizando limpieza de backups antiguos...
INFO: Limpieza completada. Se conservan los 10 backups más recientes.
--- Proceso de backup finalizado ---
INFO: Creando backup de la base de datos 'db_clients'...
ÉXITO: Backup creado y guardado en /home/zuko/nasdata/client_mg/backup/backup-0814-0800.sql.gz
INFO: Realizando limpieza de backups antiguos...
INFO: Limpieza completada. Se conservan los 10 backups más recientes.
--- Proceso de backup finalizado ---
INFO: Creando backup de la base de datos 'db_clients'...
ÉXITO: Backup creado y guardado en /home/zuko/nasdata/client_mg/backup/backup-0814-1600.sql.gz
INFO: Realizando limpieza de backups antiguos...
INFO: Limpieza completada. Se conservan los 10 backups más recientes.
--- Proceso de backup finalizado ---
INFO: Creando backup de la base de datos 'db_clients'...
ÉXITO: Backup creado y guardado en /home/zuko/nasdata/client_mg/backup/backup-0815-0000.sql.gz
INFO: Realizando limpieza de backups antiguos...
INFO: Limpieza completada. Se conservan los 10 backups más recientes.
--- Proceso de backup finalizado ---
INFO: Creando backup de la base de datos 'db_clients'...
ÉXITO: Backup creado y guardado en /home/zuko/nasdata/client_mg/backup/backup-0815-0800.sql.gz
INFO: Realizando limpieza de backups antiguos...
INFO: Limpieza completada. Se conservan los 10 backups más recientes.
--- Proceso de backup finalizado ---
INFO: Creando backup de la base de datos 'db_clients'...
ÉXITO: Backup creado y guardado en /home/zuko/nasdata/client_mg/backup/backup-0815-1600.sql.gz
INFO: Realizando limpieza de backups antiguos...
INFO: Limpieza completada. Se conservan los 10 backups más recientes.
--- Proceso de backup finalizado ---
INFO: Creando backup de la base de datos 'db_clients'...
ÉXITO: Backup creado y guardado en /home/zuko/nasdata/client_mg/backup/backup-0818-0000.sql.gz
INFO: Realizando limpieza de backups antiguos...
INFO: Limpieza completada. Se conservan los 20 backups más recientes.
--- Proceso de backup finalizado ---
INFO: Creando backup de la base de datos 'db_clients'...
ÉXITO: Backup creado y guardado en /home/zuko/nasdata/client_mg/backup/backup-0818-0800.sql.gz
INFO: Realizando limpieza de backups antiguos...
INFO: Limpieza completada. Se conservan los 20 backups más recientes.
--- Proceso de backup finalizado ---
INFO: Creando backup de la base de datos 'db_clients'...
ÉXITO: Backup creado y guardado en /home/zuko/nasdata/client_mg/backup/backup-0818-1600.sql.gz
INFO: Realizando limpieza de backups antiguos...
INFO: Limpieza completada. Se conservan los 20 backups más recientes.
--- Proceso de backup finalizado ---
INFO: Creando backup de la base de datos 'db_clients'...
ÉXITO: Backup creado y guardado en /home/zuko/nasdata/client_mg/backup/backup-0819-0000.sql.gz
INFO: Realizando limpieza de backups antiguos...
INFO: Limpieza completada. Se conservan los 20 backups más recientes.
--- Proceso de backup finalizado ---
INFO: Creando backup de la base de datos 'db_clients'...
ÉXITO: Backup creado y guardado en /home/zuko/nasdata/client_mg/backup/backup-0819-0800.sql.gz
INFO: Realizando limpieza de backups antiguos...
INFO: Limpieza completada. Se conservan los 20 backups más recientes.
--- Proceso de backup finalizado ---
INFO: Creando backup de la base de datos 'db_clients'...
ÉXITO: Backup creado y guardado en /home/zuko/nasdata/client_mg/backup/backup-0819-1600.sql.gz
INFO: Realizando limpieza de backups antiguos...
INFO: Limpieza completada. Se conservan los 20 backups más recientes.
--- Proceso de backup finalizado ---
INFO: Creando backup de la base de datos 'db_clients'...
ÉXITO: Backup creado y guardado en /home/zuko/nasdata/client_mg/backup/backup-0820-0000.sql.gz
INFO: Realizando limpieza de backups antiguos...
INFO: Limpieza completada. Se conservan los 20 backups más recientes.
--- Proceso de backup finalizado ---
INFO: Creando backup de la base de datos 'db_clients'...
ÉXITO: Backup creado y guardado en /home/zuko/nasdata/client_mg/backup/backup-0820-0800.sql.gz
INFO: Realizando limpieza de backups antiguos...
INFO: Limpieza completada. Se conservan los 20 backups más recientes.
--- Proceso de backup finalizado ---
INFO: Creando backup de la base de datos 'db_clients'...
ÉXITO: Backup creado y guardado en /home/zuko/nasdata/client_mg/backup/backup-0820-1600.sql.gz
INFO: Realizando limpieza de backups antiguos...
INFO: Limpieza completada. Se conservan los 20 backups más recientes.
--- Proceso de backup finalizado ---
INFO: Creando backup de la base de datos 'db_clients'...
ÉXITO: Backup creado y guardado en /home/zuko/nasdata/client_mg/backup/backup-0825-0000.sql.gz
INFO: Realizando limpieza de backups antiguos...
INFO: Limpieza completada. Se conservan los 20 backups más recientes.
--- Proceso de backup finalizado ---
INFO: Creando backup de la base de datos 'db_clients'...
ÉXITO: Backup creado y guardado en /home/zuko/nasdata/client_mg/backup/backup-0825-0600.sql.gz
INFO: Realizando limpieza de backups antiguos...
INFO: Limpieza completada. Se conservan los 20 backups más recientes.
--- Proceso de backup finalizado ---
INFO: Creando backup de la base de datos 'db_clients'...
ÉXITO: Backup creado y guardado en /home/zuko/nasdata/client_mg/backup/backup-0825-1200.sql.gz
INFO: Realizando limpieza de backups antiguos...
INFO: Limpieza completada. Se conservan los 20 backups más recientes.
--- Proceso de backup finalizado ---
INFO: Creando backup de la base de datos 'db_clients'...
ÉXITO: Backup creado y guardado en /home/zuko/nasdata/client_mg/backup/backup-0825-1800.sql.gz
INFO: Realizando limpieza de backups antiguos...
INFO: Limpieza completada. Se conservan los 20 backups más recientes.
--- Proceso de backup finalizado ---
INFO: Creando backup de la base de datos 'db_clients'...
ÉXITO: Backup creado y guardado en /home/zuko/nasdata/client_mg/backup/backup-0826-0000.sql.gz
INFO: Realizando limpieza de backups antiguos...
INFO: Limpieza completada. Se conservan los 20 backups más recientes.
--- Proceso de backup finalizado ---
INFO: Creando backup de la base de datos 'db_clients'...
ÉXITO: Backup creado y guardado en /home/zuko/nasdata/client_mg/backup/backup-0826-0600.sql.gz
INFO: Realizando limpieza de backups antiguos...
INFO: Limpieza completada. Se conservan los 20 backups más recientes.
--- Proceso de backup finalizado ---
INFO: Creando backup de la base de datos 'db_clients'...
ÉXITO: Backup creado y guardado en /home/zuko/nasdata/client_mg/backup/backup-0826-1200.sql.gz
INFO: Realizando limpieza de backups antiguos...
INFO: Limpieza completada. Se conservan los 20 backups más recientes.
--- Proceso de backup finalizado ---
INFO: Creando backup de la base de datos 'db_clients'...
ÉXITO: Backup creado y guardado en /home/zuko/nasdata/client_mg/backup/backup-0826-1800.sql.gz
INFO: Realizando limpieza de backups antiguos...
INFO: Limpieza completada. Se conservan los 20 backups más recientes.
--- Proceso de backup finalizado ---
